<?xml version="1.0" encoding="UTF-8"?>
<testsuite xmlns:xsi="http://www.w3.org/2001/XMLSchema-instance" xsi:noNamespaceSchemaLocation="https://maven.apache.org/surefire/maven-surefire-plugin/xsd/surefire-test-report-3.0.xsd" version="3.0" name="ca.concordia.eternity.PowCalculatorTest" time="0.115" tests="10" errors="0" skipped="0" failures="0">
  <properties>
[...]
</properties>
  <testcase name="twoPowFive_intExponent" classname="ca.concordia.eternity.PowCalculatorTest" time="0.011"/>
  <testcase name="positiveRealExponent_seriesPath" classname="ca.concordia.eternity.PowCalculatorTest" time="0.0"/>
  <testcase name="zeroPowZero_throws" classname="ca.concordia.eternity.PowCalculatorTest" time="0.0"/>
  <testcase name="rangeGuard_throws" classname="ca.concordia.eternity.PowCalculatorTest" time="0.0"/>
  <testcase name="twoPowMinusThree_negativeIntExponent" classname="ca.concordia.eternity.PowCalculatorTest" time="0.0"/>
  <testcase name="negativeBase_integerExponent_ok" classname="ca.concordia.eternity.PowCalculatorTest" time="0.0"/>
  <testcase name="zeroPowPositive_isZero" classname="ca.concordia.eternity.PowCalculatorTest" time="0.002"/>
  <testcase name="onePowBig_isOne" classname="ca.concordia.eternity.PowCalculatorTest" time="0.0"/>
  <testcase name="nanGuard_throws" classname="ca.concordia.eternity.PowCalculatorTest" time="0.001"/>
  <testcase name="negativeBase_nonIntegerExponent_throws" classname="ca.concordia.eternity.PowCalculatorTest" time="0.002"/>
</testsuite>